мая 03, 2021 2:21:09 PM server.Server <init>
INFO: Server started
мая 03, 2021 2:21:55 PM server.ClientHandler lambda$new$0
INFO: Client authenticated. nick: Папа Address: /127.0.0.1:49999
мая 03, 2021 2:22:03 PM server.ClientHandler lambda$new$0
INFO: client disconnect /127.0.0.1:49999
мая 03, 2021 2:45:56 PM server.Server <init>
INFO: Server started
мая 03, 2021 2:46:27 PM server.Server <init>
INFO: Server started
мая 03, 2021 2:47:05 PM server.Server subscribe
INFO: Папа подключился
мая 03, 2021 2:47:34 PM server.Server subscribe
INFO: Мама подключился
мая 03, 2021 2:47:44 PM server.Server privateMsg
FINE: Мама послал сообщение Папа
мая 03, 2021 2:47:49 PM server.Server broadcastMsg
FINE: Папа послал сообщение всем
мая 03, 2021 2:48:06 PM server.ClientHandler lambda$new$0
INFO: Папа сменил nick на Папаня
мая 03, 2021 2:48:20 PM server.Server privateMsg
FINE: Мама послал сообщение Папаня
мая 03, 2021 2:48:28 PM server.Server privateMsg
FINE: Папаня послал сообщение Мама
мая 03, 2021 2:48:34 PM server.Server unsubscribe
INFO: Папаня отключился
мая 03, 2021 2:48:39 PM server.Server unsubscribe
INFO: Мама отключился
мая 03, 2021 2:50:03 PM server.Server <init>
INFO: Server started
мая 03, 2021 2:50:48 PM server.Server subscribe
INFO: Папаня подключился
мая 03, 2021 2:50:57 PM server.Server subscribe
INFO: Мама подключился
мая 03, 2021 2:53:13 PM server.Server unsubscribe
INFO: Мама отключился
мая 03, 2021 2:53:17 PM server.Server unsubscribe
INFO: Папаня отключился
мая 03, 2021 2:58:28 PM server.Server <init>
INFO: Server started
мая 03, 2021 2:58:56 PM server.Server subscribe
INFO: Папаня подключился, /127.0.0.1:53793
мая 03, 2021 2:59:14 PM server.Server unsubscribe
INFO: Папаня отключился, /127.0.0.1:53793
